2021/08/15 00:52:35 main.go:15: test
2021/08/15 10:26:01 users.go:34: sql: converting argument $1 type: unsupported type func() uuid.UUID, a func
2021/08/15 10:26:20 users.go:34: sql: converting argument $1 type: unsupported type func() uuid.UUID, a func
2021/08/15 10:34:40 users.go:34: sql: converting argument $1 type: unsupported type func() uuid.UUID, a func
2021/08/15 10:35:44 users.go:34: sql: converting argument $5 type: unsupported type func() time.Time, a func
2021/08/15 10:37:24 users.go:34: table users has no column named email
2021/08/15 10:40:42 users.go:34: table users has no column named email
2021/08/15 11:05:43 users.go:34: table users has no column named email
2021/08/15 11:13:30 users.go:34: table users has no column named email
2021/08/15 11:15:06 users.go:34: table users has no column named email
2021/08/15 11:36:05 users.go:34: table users has no column named email
2021/08/15 11:46:45 users.go:34: table users has no column named email
2021/08/15 11:54:33 users.go:34: table users has no column named email
2021/08/15 11:55:36 users.go:34: table users has no column named email
2021/08/15 11:56:32 users.go:34: table users has no column named email
2021/08/15 11:58:39 users.go:34: table users has no column named email
2021/08/15 12:06:13 users.go:34: table users has no column named email
2021/08/15 15:44:47 users.go:34: table users has no column named email
2021/08/15 16:02:43 users.go:34: table users has no column named email
2021/08/15 16:15:20 users.go:34: table users has no column named email
2021/08/15 17:52:37 users.go:34: table users has no column named email
2021/08/15 20:46:46 todos.go:23: table todos has no column named created_at
2021/08/15 20:49:57 todos.go:23: table todos has no column named created_at
2021/08/16 14:03:09 server.go:3139: http: panic serving [::1]:54458: open app/views/templates/public_navbar.html: no such file or directory
goroutine 7 [running]:
net/http.(*conn).serve.func1(0xc000109360)
	/usr/local/Cellar/go/1.16.5/libexec/src/net/http/server.go:1824 +0x153
panic(0x44d67c0, 0xc000186420)
	/usr/local/Cellar/go/1.16.5/libexec/src/runtime/panic.go:971 +0x499
html/template.Must(...)
	/usr/local/Cellar/go/1.16.5/libexec/src/html/template/template.go:374
go-todo/app/controllers.generateHTML(0x45a8910, 0xc0001a6000, 0x44b3720, 0x459bcd0, 0xc00004faa8, 0x3, 0x3)
	/Users/yamashitataiki/go-todo/app/controllers/server.go:16 +0x2ce
go-todo/app/controllers.top(0x45a8910, 0xc0001a6000, 0xc00018e000)
	/Users/yamashitataiki/go-todo/app/controllers/route_main.go:8 +0xc5
net/http.HandlerFunc.ServeHTTP(0x454b900, 0x45a8910, 0xc0001a6000, 0xc00018e000)
	/usr/local/Cellar/go/1.16.5/libexec/src/net/http/server.go:2069 +0x44
net/http.(*ServeMux).ServeHTTP(0x47c60e0, 0x45a8910, 0xc0001a6000, 0xc00018e000)
	/usr/local/Cellar/go/1.16.5/libexec/src/net/http/server.go:2448 +0x1ad
net/http.serverHandler.ServeHTTP(0xc000156000, 0x45a8910, 0xc0001a6000, 0xc00018e000)
	/usr/local/Cellar/go/1.16.5/libexec/src/net/http/server.go:2887 +0xa3
net/http.(*conn).serve(0xc000109360, 0x45a90c0, 0xc000188000)
	/usr/local/Cellar/go/1.16.5/libexec/src/net/http/server.go:1952 +0x8cd
created by net/http.(*Server).Serve
	/usr/local/Cellar/go/1.16.5/libexec/src/net/http/server.go:3013 +0x39b
2021/08/16 14:03:09 server.go:3139: http: panic serving [::1]:54459: open app/views/templates/public_navbar.html: no such file or directory
goroutine 8 [running]:
net/http.(*conn).serve.func1(0xc000109400)
	/usr/local/Cellar/go/1.16.5/libexec/src/net/http/server.go:1824 +0x153
panic(0x44d67c0, 0xc000077c50)
	/usr/local/Cellar/go/1.16.5/libexec/src/runtime/panic.go:971 +0x499
html/template.Must(...)
	/usr/local/Cellar/go/1.16.5/libexec/src/html/template/template.go:374
go-todo/app/controllers.generateHTML(0x45a8910, 0xc0001560e0, 0x44b3720, 0x459bcd0, 0xc000111aa8, 0x3, 0x3)
	/Users/yamashitataiki/go-todo/app/controllers/server.go:16 +0x2ce
go-todo/app/controllers.top(0x45a8910, 0xc0001560e0, 0xc00014e100)
	/Users/yamashitataiki/go-todo/app/controllers/route_main.go:8 +0xc5
net/http.HandlerFunc.ServeHTTP(0x454b900, 0x45a8910, 0xc0001560e0, 0xc00014e100)
	/usr/local/Cellar/go/1.16.5/libexec/src/net/http/server.go:2069 +0x44
net/http.(*ServeMux).ServeHTTP(0x47c60e0, 0x45a8910, 0xc0001560e0, 0xc00014e100)
	/usr/local/Cellar/go/1.16.5/libexec/src/net/http/server.go:2448 +0x1ad
net/http.serverHandler.ServeHTTP(0xc000156000, 0x45a8910, 0xc0001560e0, 0xc00014e100)
	/usr/local/Cellar/go/1.16.5/libexec/src/net/http/server.go:2887 +0xa3
net/http.(*conn).serve(0xc000109400, 0x45a90c0, 0xc000026540)
	/usr/local/Cellar/go/1.16.5/libexec/src/net/http/server.go:1952 +0x8cd
created by net/http.(*Server).Serve
	/usr/local/Cellar/go/1.16.5/libexec/src/net/http/server.go:3013 +0x39b
2021/08/16 14:03:09 server.go:3139: http: panic serving [::1]:54460: open app/views/templates/public_navbar.html: no such file or directory
goroutine 34 [running]:
net/http.(*conn).serve.func1(0xc0000a0000)
	/usr/local/Cellar/go/1.16.5/libexec/src/net/http/server.go:1824 +0x153
panic(0x44d67c0, 0xc00009c540)
	/usr/local/Cellar/go/1.16.5/libexec/src/runtime/panic.go:971 +0x499
html/template.Must(...)
	/usr/local/Cellar/go/1.16.5/libexec/src/html/template/template.go:374
go-todo/app/controllers.generateHTML(0x45a8910, 0xc0000ca000, 0x44b3720, 0x459bcd0, 0xc0000a6aa8, 0x3, 0x3)
	/Users/yamashitataiki/go-todo/app/controllers/server.go:16 +0x2ce
go-todo/app/controllers.top(0x45a8910, 0xc0000ca000, 0xc0000b4000)
	/Users/yamashitataiki/go-todo/app/controllers/route_main.go:8 +0xc5
net/http.HandlerFunc.ServeHTTP(0x454b900, 0x45a8910, 0xc0000ca000, 0xc0000b4000)
	/usr/local/Cellar/go/1.16.5/libexec/src/net/http/server.go:2069 +0x44
net/http.(*ServeMux).ServeHTTP(0x47c60e0, 0x45a8910, 0xc0000ca000, 0xc0000b4000)
	/usr/local/Cellar/go/1.16.5/libexec/src/net/http/server.go:2448 +0x1ad
net/http.serverHandler.ServeHTTP(0xc000156000, 0x45a8910, 0xc0000ca000, 0xc0000b4000)
	/usr/local/Cellar/go/1.16.5/libexec/src/net/http/server.go:2887 +0xa3
net/http.(*conn).serve(0xc0000a0000, 0x45a90c0, 0xc0000ac000)
	/usr/local/Cellar/go/1.16.5/libexec/src/net/http/server.go:1952 +0x8cd
created by net/http.(*Server).Serve
	/usr/local/Cellar/go/1.16.5/libexec/src/net/http/server.go:3013 +0x39b
2021/08/16 14:03:11 server.go:3139: http: panic serving [::1]:54461: open app/views/templates/public_navbar.html: no such file or directory
goroutine 37 [running]:
net/http.(*conn).serve.func1(0xc0000a00a0)
	/usr/local/Cellar/go/1.16.5/libexec/src/net/http/server.go:1824 +0x153
panic(0x44d67c0, 0xc000077e00)
	/usr/local/Cellar/go/1.16.5/libexec/src/runtime/panic.go:971 +0x499
html/template.Must(...)
	/usr/local/Cellar/go/1.16.5/libexec/src/html/template/template.go:374
go-todo/app/controllers.generateHTML(0x45a8910, 0xc0000ca0e0, 0x44b3720, 0x459bcd0, 0xc000053aa8, 0x3, 0x3)
	/Users/yamashitataiki/go-todo/app/controllers/server.go:16 +0x2ce
go-todo/app/controllers.top(0x45a8910, 0xc0000ca0e0, 0xc00014e200)
	/Users/yamashitataiki/go-todo/app/controllers/route_main.go:8 +0xc5
net/http.HandlerFunc.ServeHTTP(0x454b900, 0x45a8910, 0xc0000ca0e0, 0xc00014e200)
	/usr/local/Cellar/go/1.16.5/libexec/src/net/http/server.go:2069 +0x44
net/http.(*ServeMux).ServeHTTP(0x47c60e0, 0x45a8910, 0xc0000ca0e0, 0xc00014e200)
	/usr/local/Cellar/go/1.16.5/libexec/src/net/http/server.go:2448 +0x1ad
net/http.serverHandler.ServeHTTP(0xc000156000, 0x45a8910, 0xc0000ca0e0, 0xc00014e200)
	/usr/local/Cellar/go/1.16.5/libexec/src/net/http/server.go:2887 +0xa3
net/http.(*conn).serve(0xc0000a00a0, 0x45a90c0, 0xc000026900)
	/usr/local/Cellar/go/1.16.5/libexec/src/net/http/server.go:1952 +0x8cd
created by net/http.(*Server).Serve
	/usr/local/Cellar/go/1.16.5/libexec/src/net/http/server.go:3013 +0x39b
2021/08/16 14:03:11 server.go:3139: http: panic serving [::1]:54462: open app/views/templates/public_navbar.html: no such file or directory
goroutine 38 [running]:
net/http.(*conn).serve.func1(0xc0000a0140)
	/usr/local/Cellar/go/1.16.5/libexec/src/net/http/server.go:1824 +0x153
panic(0x44d67c0, 0xc00009ce10)
	/usr/local/Cellar/go/1.16.5/libexec/src/runtime/panic.go:971 +0x499
html/template.Must(...)
	/usr/local/Cellar/go/1.16.5/libexec/src/html/template/template.go:374
go-todo/app/controllers.generateHTML(0x45a8910, 0xc0000ca1c0, 0x44b3720, 0x459bcd0, 0xc0000a6aa8, 0x3, 0x3)
	/Users/yamashitataiki/go-todo/app/controllers/server.go:16 +0x2ce
go-todo/app/controllers.top(0x45a8910, 0xc0000ca1c0, 0xc0000b4100)
	/Users/yamashitataiki/go-todo/app/controllers/route_main.go:8 +0xc5
net/http.HandlerFunc.ServeHTTP(0x454b900, 0x45a8910, 0xc0000ca1c0, 0xc0000b4100)
	/usr/local/Cellar/go/1.16.5/libexec/src/net/http/server.go:2069 +0x44
net/http.(*ServeMux).ServeHTTP(0x47c60e0, 0x45a8910, 0xc0000ca1c0, 0xc0000b4100)
	/usr/local/Cellar/go/1.16.5/libexec/src/net/http/server.go:2448 +0x1ad
net/http.serverHandler.ServeHTTP(0xc000156000, 0x45a8910, 0xc0000ca1c0, 0xc0000b4100)
	/usr/local/Cellar/go/1.16.5/libexec/src/net/http/server.go:2887 +0xa3
net/http.(*conn).serve(0xc0000a0140, 0x45a90c0, 0xc0000ac340)
	/usr/local/Cellar/go/1.16.5/libexec/src/net/http/server.go:1952 +0x8cd
created by net/http.(*Server).Serve
	/usr/local/Cellar/go/1.16.5/libexec/src/net/http/server.go:3013 +0x39b
2021/08/16 14:03:11 server.go:3139: http: panic serving [::1]:54463: open app/views/templates/public_navbar.html: no such file or directory
goroutine 50 [running]:
net/http.(*conn).serve.func1(0xc00021e000)
	/usr/local/Cellar/go/1.16.5/libexec/src/net/http/server.go:1824 +0x153
panic(0x44d67c0, 0xc000212540)
	/usr/local/Cellar/go/1.16.5/libexec/src/runtime/panic.go:971 +0x499
html/template.Must(...)
	/usr/local/Cellar/go/1.16.5/libexec/src/html/template/template.go:374
go-todo/app/controllers.generateHTML(0x45a8910, 0xc00023e000, 0x44b3720, 0x459bcd0, 0xc0000a2aa8, 0x3, 0x3)
	/Users/yamashitataiki/go-todo/app/controllers/server.go:16 +0x2ce
go-todo/app/controllers.top(0x45a8910, 0xc00023e000, 0xc000226000)
	/Users/yamashitataiki/go-todo/app/controllers/route_main.go:8 +0xc5
net/http.HandlerFunc.ServeHTTP(0x454b900, 0x45a8910, 0xc00023e000, 0xc000226000)
	/usr/local/Cellar/go/1.16.5/libexec/src/net/http/server.go:2069 +0x44
net/http.(*ServeMux).ServeHTTP(0x47c60e0, 0x45a8910, 0xc00023e000, 0xc000226000)
	/usr/local/Cellar/go/1.16.5/libexec/src/net/http/server.go:2448 +0x1ad
net/http.serverHandler.ServeHTTP(0xc000156000, 0x45a8910, 0xc00023e000, 0xc000226000)
	/usr/local/Cellar/go/1.16.5/libexec/src/net/http/server.go:2887 +0xa3
net/http.(*conn).serve(0xc00021e000, 0x45a90c0, 0xc000222000)
	/usr/local/Cellar/go/1.16.5/libexec/src/net/http/server.go:1952 +0x8cd
created by net/http.(*Server).Serve
	/usr/local/Cellar/go/1.16.5/libexec/src/net/http/server.go:3013 +0x39b
2021/08/16 17:13:07 users.go:105: table sessions has no column named email
2021/08/16 17:13:07 main.go:19: no such column: email
2021/08/16 17:18:27 users.go:105: table sessions has no column named email
2021/08/16 17:18:27 main.go:19: no such column: email
2021/08/16 17:20:03 users.go:105: table sessions has no column named email
2021/08/16 17:20:03 main.go:19: no such column: email
2021/08/16 17:20:35 main.go:19: sql: expected 5 destination arguments in Scan, not 4
2021/08/16 17:22:52 main.go:19: sql: expected 5 destination arguments in Scan, not 4
2021/08/16 17:29:36 main.go:19: sql: expected 5 destination arguments in Scan, not 4
2021/08/16 18:17:18 route_auth.go:38: sql: no rows in result set
2021/08/16 18:17:18 server.go:3139: http: superfluous response.WriteHeader call from go-todo/app/controllers.authenticate (route_auth.go:56)
2021/08/16 18:17:25 route_auth.go:38: sql: no rows in result set
2021/08/16 18:17:25 server.go:3139: http: superfluous response.WriteHeader call from go-todo/app/controllers.authenticate (route_auth.go:56)
2021/08/16 23:46:22 server.go:3139: http: panic serving [::1]:61168: template: index.html:2: unexpected EOF
goroutine 7 [running]:
net/http.(*conn).serve.func1(0xc000111360)
	/usr/local/Cellar/go/1.16.5/libexec/src/net/http/server.go:1824 +0x153
panic(0x44c7fe0, 0xc0000920d0)
	/usr/local/Cellar/go/1.16.5/libexec/src/runtime/panic.go:971 +0x499
html/template.Must(...)
	/usr/local/Cellar/go/1.16.5/libexec/src/html/template/template.go:374
go-todo/app/controllers.generateHTML(0x45ad810, 0xc0001a6000, 0x0, 0x0, 0xc000113aa8, 0x3, 0x3)
	/Users/yamashitataiki/go-todo/app/controllers/server.go:17 +0x2ce
go-todo/app/controllers.index(0x45ad810, 0xc0001a6000, 0xc00018e000)
	/Users/yamashitataiki/go-todo/app/controllers/route_main.go:21 +0x15d
net/http.HandlerFunc.ServeHTTP(0x4550090, 0x45ad810, 0xc0001a6000, 0xc00018e000)
	/usr/local/Cellar/go/1.16.5/libexec/src/net/http/server.go:2069 +0x44
net/http.(*ServeMux).ServeHTTP(0x47ce140, 0x45ad810, 0xc0001a6000, 0xc00018e000)
	/usr/local/Cellar/go/1.16.5/libexec/src/net/http/server.go:2448 +0x1ad
net/http.serverHandler.ServeHTTP(0xc000160000, 0x45ad810, 0xc0001a6000, 0xc00018e000)
	/usr/local/Cellar/go/1.16.5/libexec/src/net/http/server.go:2887 +0xa3
net/http.(*conn).serve(0xc000111360, 0x45ae080, 0xc000188000)
	/usr/local/Cellar/go/1.16.5/libexec/src/net/http/server.go:1952 +0x8cd
created by net/http.(*Server).Serve
	/usr/local/Cellar/go/1.16.5/libexec/src/net/http/server.go:3013 +0x39b
2021/08/21 10:51:44 users.go:121: attempt to write a readonly database
2021/08/21 10:51:47 todos.go:122: attempt to write a readonly database
